Performing C SOURCE FILE Test CHECK_CPU_ARCHITECTURE_X86 failed with the following output:
Change Dir: /home/bsarrett/dev/projects/redtangle-cpp/cmake/build/CMakeFiles/CMakeTmp

Run Build Command(s):/usr/bin/gmake cmTC_67dfa/fast && /usr/bin/gmake  -f CMakeFiles/cmTC_67dfa.dir/build.make CMakeFiles/cmTC_67dfa.dir/build
gmake[1]: Entering directory '/home/bsarrett/dev/projects/redtangle-cpp/cmake/build/CMakeFiles/CMakeTmp'
Building C object CMakeFiles/cmTC_67dfa.dir/src.c.o
/usr/bin/cc -DCHECK_CPU_ARCHITECTURE_X86   -o CMakeFiles/cmTC_67dfa.dir/src.c.o -c /home/bsarrett/dev/projects/redtangle-cpp/cmake/build/CMakeFiles/CMakeTmp/src.c
/home/bsarrett/dev/projects/redtangle-cpp/cmake/build/CMakeFiles/CMakeTmp/src.c: In function ‘main’:
/home/bsarrett/dev/projects/redtangle-cpp/cmake/build/CMakeFiles/CMakeTmp/src.c:6:3: error: ‘choke’ undeclared (first use in this function)
    6 |   choke
      |   ^~~~~
/home/bsarrett/dev/projects/redtangle-cpp/cmake/build/CMakeFiles/CMakeTmp/src.c:6:3: note: each undeclared identifier is reported only once for each function it appears in
/home/bsarrett/dev/projects/redtangle-cpp/cmake/build/CMakeFiles/CMakeTmp/src.c:6:8: error: expected ‘;’ before ‘}’ token
    6 |   choke
      |        ^
      |        ;
    7 | #endif
    8 | }
      | ~       
gmake[1]: *** [CMakeFiles/cmTC_67dfa.dir/build.make:85: CMakeFiles/cmTC_67dfa.dir/src.c.o] Error 1
gmake[1]: Leaving directory '/home/bsarrett/dev/projects/redtangle-cpp/cmake/build/CMakeFiles/CMakeTmp'
gmake: *** [Makefile:140: cmTC_67dfa/fast] Error 2


Source file was:

int main(int argc, char *argv[]) {
#if defined(__i386__) || defined(__i486__) || defined(__i586__) || defined(__i686__) ||defined( __i386) || defined(_M_IX86)
  return 0;
#else
  choke
#endif
}

Performing C SOURCE FILE Test CHECK_CPU_ARCHITECTURE_ARM32 failed with the following output:
Change Dir: /home/bsarrett/dev/projects/redtangle-cpp/cmake/build/CMakeFiles/CMakeTmp

Run Build Command(s):/usr/bin/gmake cmTC_f57bd/fast && /usr/bin/gmake  -f CMakeFiles/cmTC_f57bd.dir/build.make CMakeFiles/cmTC_f57bd.dir/build
gmake[1]: Entering directory '/home/bsarrett/dev/projects/redtangle-cpp/cmake/build/CMakeFiles/CMakeTmp'
Building C object CMakeFiles/cmTC_f57bd.dir/src.c.o
/usr/bin/cc -DCHECK_CPU_ARCHITECTURE_ARM32   -o CMakeFiles/cmTC_f57bd.dir/src.c.o -c /home/bsarrett/dev/projects/redtangle-cpp/cmake/build/CMakeFiles/CMakeTmp/src.c
/home/bsarrett/dev/projects/redtangle-cpp/cmake/build/CMakeFiles/CMakeTmp/src.c: In function ‘main’:
/home/bsarrett/dev/projects/redtangle-cpp/cmake/build/CMakeFiles/CMakeTmp/src.c:6:3: error: ‘choke’ undeclared (first use in this function)
    6 |   choke
      |   ^~~~~
/home/bsarrett/dev/projects/redtangle-cpp/cmake/build/CMakeFiles/CMakeTmp/src.c:6:3: note: each undeclared identifier is reported only once for each function it appears in
/home/bsarrett/dev/projects/redtangle-cpp/cmake/build/CMakeFiles/CMakeTmp/src.c:6:8: error: expected ‘;’ before ‘}’ token
    6 |   choke
      |        ^
      |        ;
    7 | #endif
    8 | }
      | ~       
gmake[1]: *** [CMakeFiles/cmTC_f57bd.dir/build.make:85: CMakeFiles/cmTC_f57bd.dir/src.c.o] Error 1
gmake[1]: Leaving directory '/home/bsarrett/dev/projects/redtangle-cpp/cmake/build/CMakeFiles/CMakeTmp'
gmake: *** [Makefile:140: cmTC_f57bd/fast] Error 2


Source file was:

int main(int argc, char *argv[]) {
#if defined(__arm__) || defined(_M_ARM)
  return 0;
#else
  choke
#endif
}

Performing C SOURCE FILE Test CHECK_CPU_ARCHITECTURE_ARM64 failed with the following output:
Change Dir: /home/bsarrett/dev/projects/redtangle-cpp/cmake/build/CMakeFiles/CMakeTmp

Run Build Command(s):/usr/bin/gmake cmTC_f85a6/fast && /usr/bin/gmake  -f CMakeFiles/cmTC_f85a6.dir/build.make CMakeFiles/cmTC_f85a6.dir/build
gmake[1]: Entering directory '/home/bsarrett/dev/projects/redtangle-cpp/cmake/build/CMakeFiles/CMakeTmp'
Building C object CMakeFiles/cmTC_f85a6.dir/src.c.o
/usr/bin/cc -DCHECK_CPU_ARCHITECTURE_ARM64   -o CMakeFiles/cmTC_f85a6.dir/src.c.o -c /home/bsarrett/dev/projects/redtangle-cpp/cmake/build/CMakeFiles/CMakeTmp/src.c
/home/bsarrett/dev/projects/redtangle-cpp/cmake/build/CMakeFiles/CMakeTmp/src.c: In function ‘main’:
/home/bsarrett/dev/projects/redtangle-cpp/cmake/build/CMakeFiles/CMakeTmp/src.c:6:3: error: ‘choke’ undeclared (first use in this function)
    6 |   choke
      |   ^~~~~
/home/bsarrett/dev/projects/redtangle-cpp/cmake/build/CMakeFiles/CMakeTmp/src.c:6:3: note: each undeclared identifier is reported only once for each function it appears in
/home/bsarrett/dev/projects/redtangle-cpp/cmake/build/CMakeFiles/CMakeTmp/src.c:6:8: error: expected ‘;’ before ‘}’ token
    6 |   choke
      |        ^
      |        ;
    7 | #endif
    8 | }
      | ~       
gmake[1]: *** [CMakeFiles/cmTC_f85a6.dir/build.make:85: CMakeFiles/cmTC_f85a6.dir/src.c.o] Error 1
gmake[1]: Leaving directory '/home/bsarrett/dev/projects/redtangle-cpp/cmake/build/CMakeFiles/CMakeTmp'
gmake: *** [Makefile:140: cmTC_f85a6/fast] Error 2


Source file was:

int main(int argc, char *argv[]) {
#if defined(__aarch64__) || defined(_M_ARM64)
  return 0;
#else
  choke
#endif
}

Performing C SOURCE FILE Test CHECK_CPU_ARCHITECTURE_LOONGARCH64 failed with the following output:
Change Dir: /home/bsarrett/dev/projects/redtangle-cpp/cmake/build/CMakeFiles/CMakeTmp

Run Build Command(s):/usr/bin/gmake cmTC_47fa8/fast && /usr/bin/gmake  -f CMakeFiles/cmTC_47fa8.dir/build.make CMakeFiles/cmTC_47fa8.dir/build
gmake[1]: Entering directory '/home/bsarrett/dev/projects/redtangle-cpp/cmake/build/CMakeFiles/CMakeTmp'
Building C object CMakeFiles/cmTC_47fa8.dir/src.c.o
/usr/bin/cc -DCHECK_CPU_ARCHITECTURE_LOONGARCH64   -o CMakeFiles/cmTC_47fa8.dir/src.c.o -c /home/bsarrett/dev/projects/redtangle-cpp/cmake/build/CMakeFiles/CMakeTmp/src.c
/home/bsarrett/dev/projects/redtangle-cpp/cmake/build/CMakeFiles/CMakeTmp/src.c: In function ‘main’:
/home/bsarrett/dev/projects/redtangle-cpp/cmake/build/CMakeFiles/CMakeTmp/src.c:6:3: error: ‘choke’ undeclared (first use in this function)
    6 |   choke
      |   ^~~~~
/home/bsarrett/dev/projects/redtangle-cpp/cmake/build/CMakeFiles/CMakeTmp/src.c:6:3: note: each undeclared identifier is reported only once for each function it appears in
/home/bsarrett/dev/projects/redtangle-cpp/cmake/build/CMakeFiles/CMakeTmp/src.c:6:8: error: expected ‘;’ before ‘}’ token
    6 |   choke
      |        ^
      |        ;
    7 | #endif
    8 | }
      | ~       
gmake[1]: *** [CMakeFiles/cmTC_47fa8.dir/build.make:85: CMakeFiles/cmTC_47fa8.dir/src.c.o] Error 1
gmake[1]: Leaving directory '/home/bsarrett/dev/projects/redtangle-cpp/cmake/build/CMakeFiles/CMakeTmp'
gmake: *** [Makefile:140: cmTC_47fa8/fast] Error 2


Source file was:

int main(int argc, char *argv[]) {
#if defined(__loongarch64)
  return 0;
#else
  choke
#endif
}

Performing C SOURCE FILE Test HAVE_GCC_WDOCUMENTATION failed with the following output:
Change Dir: /home/bsarrett/dev/projects/redtangle-cpp/cmake/build/CMakeFiles/CMakeTmp

Run Build Command(s):/usr/bin/gmake cmTC_1f0ca/fast && /usr/bin/gmake  -f CMakeFiles/cmTC_1f0ca.dir/build.make CMakeFiles/cmTC_1f0ca.dir/build
gmake[1]: Entering directory '/home/bsarrett/dev/projects/redtangle-cpp/cmake/build/CMakeFiles/CMakeTmp'
Building C object CMakeFiles/cmTC_1f0ca.dir/src.c.o
/usr/bin/cc -DHAVE_GCC_WDOCUMENTATION  -idirafter "/home/bsarrett/dev/projects/redtangle-cpp/libs/SDL/src/video/khronos"  -D_GNU_SOURCE=1   -Wdocumentation -o CMakeFiles/cmTC_1f0ca.dir/src.c.o -c /home/bsarrett/dev/projects/redtangle-cpp/cmake/build/CMakeFiles/CMakeTmp/src.c
cc: error: unrecognized command-line option '-Wdocumentation'
gmake[1]: *** [CMakeFiles/cmTC_1f0ca.dir/build.make:85: CMakeFiles/cmTC_1f0ca.dir/src.c.o] Error 1
gmake[1]: Leaving directory '/home/bsarrett/dev/projects/redtangle-cpp/cmake/build/CMakeFiles/CMakeTmp'
gmake: *** [Makefile:140: cmTC_1f0ca/fast] Error 2


Source file was:
int main(void) { return 0; }
Performing C SOURCE FILE Test HAVE_GCC_WDOCUMENTATION_UNKNOWN_COMMAND failed with the following output:
Change Dir: /home/bsarrett/dev/projects/redtangle-cpp/cmake/build/CMakeFiles/CMakeTmp

Run Build Command(s):/usr/bin/gmake cmTC_e4ac9/fast && /usr/bin/gmake  -f CMakeFiles/cmTC_e4ac9.dir/build.make CMakeFiles/cmTC_e4ac9.dir/build
gmake[1]: Entering directory '/home/bsarrett/dev/projects/redtangle-cpp/cmake/build/CMakeFiles/CMakeTmp'
Building C object CMakeFiles/cmTC_e4ac9.dir/src.c.o
/usr/bin/cc -DHAVE_GCC_WDOCUMENTATION_UNKNOWN_COMMAND  -idirafter "/home/bsarrett/dev/projects/redtangle-cpp/libs/SDL/src/video/khronos"  -D_GNU_SOURCE=1   -Wdocumentation-unknown-command -o CMakeFiles/cmTC_e4ac9.dir/src.c.o -c /home/bsarrett/dev/projects/redtangle-cpp/cmake/build/CMakeFiles/CMakeTmp/src.c
cc: error: unrecognized command-line option '-Wdocumentation-unknown-command'
gmake[1]: *** [CMakeFiles/cmTC_e4ac9.dir/build.make:85: CMakeFiles/cmTC_e4ac9.dir/src.c.o] Error 1
gmake[1]: Leaving directory '/home/bsarrett/dev/projects/redtangle-cpp/cmake/build/CMakeFiles/CMakeTmp'
gmake: *** [Makefile:140: cmTC_e4ac9/fast] Error 2


Source file was:
int main(void) { return 0; }
Performing C SOURCE FILE Test HAVE_GCC_COMMENT_BLOCK_COMMANDS failed with the following output:
Change Dir: /home/bsarrett/dev/projects/redtangle-cpp/cmake/build/CMakeFiles/CMakeTmp

Run Build Command(s):/usr/bin/gmake cmTC_26888/fast && /usr/bin/gmake  -f CMakeFiles/cmTC_26888.dir/build.make CMakeFiles/cmTC_26888.dir/build
gmake[1]: Entering directory '/home/bsarrett/dev/projects/redtangle-cpp/cmake/build/CMakeFiles/CMakeTmp'
Building C object CMakeFiles/cmTC_26888.dir/src.c.o
/usr/bin/cc -DHAVE_GCC_COMMENT_BLOCK_COMMANDS  -idirafter "/home/bsarrett/dev/projects/redtangle-cpp/libs/SDL/src/video/khronos"  -D_GNU_SOURCE=1   -fcomment-block-commands=threadsafety -o CMakeFiles/cmTC_26888.dir/src.c.o -c /home/bsarrett/dev/projects/redtangle-cpp/cmake/build/CMakeFiles/CMakeTmp/src.c
cc: error: unrecognized command-line option '-fcomment-block-commands=threadsafety'
gmake[1]: *** [CMakeFiles/cmTC_26888.dir/build.make:85: CMakeFiles/cmTC_26888.dir/src.c.o] Error 1
gmake[1]: Leaving directory '/home/bsarrett/dev/projects/redtangle-cpp/cmake/build/CMakeFiles/CMakeTmp'
gmake: *** [Makefile:140: cmTC_26888/fast] Error 2


Source file was:
int main(void) { return 0; }
Performing C SOURCE FILE Test HAVE_CLANG_COMMENT_BLOCK_COMMANDS failed with the following output:
Change Dir: /home/bsarrett/dev/projects/redtangle-cpp/cmake/build/CMakeFiles/CMakeTmp

Run Build Command(s):/usr/bin/gmake cmTC_0f716/fast && /usr/bin/gmake  -f CMakeFiles/cmTC_0f716.dir/build.make CMakeFiles/cmTC_0f716.dir/build
gmake[1]: Entering directory '/home/bsarrett/dev/projects/redtangle-cpp/cmake/build/CMakeFiles/CMakeTmp'
Building C object CMakeFiles/cmTC_0f716.dir/src.c.o
/usr/bin/cc -DHAVE_CLANG_COMMENT_BLOCK_COMMANDS  -idirafter "/home/bsarrett/dev/projects/redtangle-cpp/libs/SDL/src/video/khronos"  -D_GNU_SOURCE=1   /clang:-fcomment-block-commands=threadsafety -o CMakeFiles/cmTC_0f716.dir/src.c.o -c /home/bsarrett/dev/projects/redtangle-cpp/cmake/build/CMakeFiles/CMakeTmp/src.c
cc: warning: /clang:-fcomment-block-commands=threadsafety: linker input file unused because linking not done
cc: error: /clang:-fcomment-block-commands=threadsafety: linker input file not found: No such file or directory
gmake[1]: *** [CMakeFiles/cmTC_0f716.dir/build.make:85: CMakeFiles/cmTC_0f716.dir/src.c.o] Error 1
gmake[1]: *** Deleting file 'CMakeFiles/cmTC_0f716.dir/src.c.o'
gmake[1]: Leaving directory '/home/bsarrett/dev/projects/redtangle-cpp/cmake/build/CMakeFiles/CMakeTmp'
gmake: *** [Makefile:140: cmTC_0f716/fast] Error 2


Source file was:
int main(void) { return 0; }
Performing C SOURCE FILE Test HAVE_ALTIVEC_H_HDR failed with the following output:
Change Dir: /home/bsarrett/dev/projects/redtangle-cpp/cmake/build/CMakeFiles/CMakeTmp

Run Build Command(s):/usr/bin/gmake cmTC_b3db4/fast && /usr/bin/gmake  -f CMakeFiles/cmTC_b3db4.dir/build.make CMakeFiles/cmTC_b3db4.dir/build
gmake[1]: Entering directory '/home/bsarrett/dev/projects/redtangle-cpp/cmake/build/CMakeFiles/CMakeTmp'
Building C object CMakeFiles/cmTC_b3db4.dir/src.c.o
/usr/bin/cc -DHAVE_ALTIVEC_H_HDR  -idirafter "/home/bsarrett/dev/projects/redtangle-cpp/libs/SDL/src/video/khronos" -maltivec -o CMakeFiles/cmTC_b3db4.dir/src.c.o -c /home/bsarrett/dev/projects/redtangle-cpp/cmake/build/CMakeFiles/CMakeTmp/src.c
cc: error: unrecognized command-line option ‘-maltivec’
gmake[1]: *** [CMakeFiles/cmTC_b3db4.dir/build.make:85: CMakeFiles/cmTC_b3db4.dir/src.c.o] Error 1
gmake[1]: Leaving directory '/home/bsarrett/dev/projects/redtangle-cpp/cmake/build/CMakeFiles/CMakeTmp'
gmake: *** [Makefile:140: cmTC_b3db4/fast] Error 2


Source file was:

          #include <altivec.h>
          vector unsigned int vzero() {
              return vec_splat_u32(0);
          }
          int main(int argc, char **argv) { return 0; }
Performing C SOURCE FILE Test CPU_SUPPORTS_ALTIVEC failed with the following output:
Change Dir: /home/bsarrett/dev/projects/redtangle-cpp/cmake/build/CMakeFiles/CMakeTmp

Run Build Command(s):/usr/bin/gmake cmTC_cbc8b/fast && /usr/bin/gmake  -f CMakeFiles/cmTC_cbc8b.dir/build.make CMakeFiles/cmTC_cbc8b.dir/build
gmake[1]: Entering directory '/home/bsarrett/dev/projects/redtangle-cpp/cmake/build/CMakeFiles/CMakeTmp'
Building C object CMakeFiles/cmTC_cbc8b.dir/src.c.o
/usr/bin/cc -DCPU_SUPPORTS_ALTIVEC  -idirafter "/home/bsarrett/dev/projects/redtangle-cpp/libs/SDL/src/video/khronos" -maltivec -o CMakeFiles/cmTC_cbc8b.dir/src.c.o -c /home/bsarrett/dev/projects/redtangle-cpp/cmake/build/CMakeFiles/CMakeTmp/src.c
cc: error: unrecognized command-line option ‘-maltivec’
gmake[1]: *** [CMakeFiles/cmTC_cbc8b.dir/build.make:85: CMakeFiles/cmTC_cbc8b.dir/src.c.o] Error 1
gmake[1]: Leaving directory '/home/bsarrett/dev/projects/redtangle-cpp/cmake/build/CMakeFiles/CMakeTmp'
gmake: *** [Makefile:140: cmTC_cbc8b/fast] Error 2


Source file was:

          vector unsigned int vzero() {
              return vec_splat_u32(0);
          }
          int main(int argc, char **argv) { return 0; }
Determining if the strlcpy exist failed with the following output:
Change Dir: /home/bsarrett/dev/projects/redtangle-cpp/cmake/build/CMakeFiles/CMakeTmp

Run Build Command(s):/usr/bin/gmake cmTC_50d62/fast && /usr/bin/gmake  -f CMakeFiles/cmTC_50d62.dir/build.make CMakeFiles/cmTC_50d62.dir/build
gmake[1]: Entering directory '/home/bsarrett/dev/projects/redtangle-cpp/cmake/build/CMakeFiles/CMakeTmp'
Building C object CMakeFiles/cmTC_50d62.dir/CheckSymbolExists.c.o
/usr/bin/cc   -idirafter "/home/bsarrett/dev/projects/redtangle-cpp/libs/SDL/src/video/khronos"  -D_GNU_SOURCE=1 -o CMakeFiles/cmTC_50d62.dir/CheckSymbolExists.c.o -c /home/bsarrett/dev/projects/redtangle-cpp/cmake/build/CMakeFiles/CMakeTmp/CheckSymbolExists.c
/home/bsarrett/dev/projects/redtangle-cpp/cmake/build/CMakeFiles/CMakeTmp/CheckSymbolExists.c: In function ‘main’:
/home/bsarrett/dev/projects/redtangle-cpp/cmake/build/CMakeFiles/CMakeTmp/CheckSymbolExists.c:14:19: error: ‘strlcpy’ undeclared (first use in this function); did you mean ‘strncpy’?
   14 |   return ((int*)(&strlcpy))[argc];
      |                   ^~~~~~~
      |                   strncpy
/home/bsarrett/dev/projects/redtangle-cpp/cmake/build/CMakeFiles/CMakeTmp/CheckSymbolExists.c:14:19: note: each undeclared identifier is reported only once for each function it appears in
gmake[1]: *** [CMakeFiles/cmTC_50d62.dir/build.make:85: CMakeFiles/cmTC_50d62.dir/CheckSymbolExists.c.o] Error 1
gmake[1]: Leaving directory '/home/bsarrett/dev/projects/redtangle-cpp/cmake/build/CMakeFiles/CMakeTmp'
gmake: *** [Makefile:140: cmTC_50d62/fast] Error 2


File /home/bsarrett/dev/projects/redtangle-cpp/cmake/build/CMakeFiles/CMakeTmp/CheckSymbolExists.c:
/* */
#include <stddef.h>
#include <stdarg.h>
#include <stdlib.h>
#include <string.h>
#include <stdio.h>
#include <wchar.h>
#include <float.h>

int main(int argc, char** argv)
{
  (void)argv;
#ifndef strlcpy
  return ((int*)(&strlcpy))[argc];
#else
  (void)argc;
  return 0;
#endif
}
Determining if the strlcat exist failed with the following output:
Change Dir: /home/bsarrett/dev/projects/redtangle-cpp/cmake/build/CMakeFiles/CMakeTmp

Run Build Command(s):/usr/bin/gmake cmTC_654a0/fast && /usr/bin/gmake  -f CMakeFiles/cmTC_654a0.dir/build.make CMakeFiles/cmTC_654a0.dir/build
gmake[1]: Entering directory '/home/bsarrett/dev/projects/redtangle-cpp/cmake/build/CMakeFiles/CMakeTmp'
Building C object CMakeFiles/cmTC_654a0.dir/CheckSymbolExists.c.o
/usr/bin/cc   -idirafter "/home/bsarrett/dev/projects/redtangle-cpp/libs/SDL/src/video/khronos"  -D_GNU_SOURCE=1 -o CMakeFiles/cmTC_654a0.dir/CheckSymbolExists.c.o -c /home/bsarrett/dev/projects/redtangle-cpp/cmake/build/CMakeFiles/CMakeTmp/CheckSymbolExists.c
/home/bsarrett/dev/projects/redtangle-cpp/cmake/build/CMakeFiles/CMakeTmp/CheckSymbolExists.c: In function ‘main’:
/home/bsarrett/dev/projects/redtangle-cpp/cmake/build/CMakeFiles/CMakeTmp/CheckSymbolExists.c:14:19: error: ‘strlcat’ undeclared (first use in this function); did you mean ‘strncat’?
   14 |   return ((int*)(&strlcat))[argc];
      |                   ^~~~~~~
      |                   strncat
/home/bsarrett/dev/projects/redtangle-cpp/cmake/build/CMakeFiles/CMakeTmp/CheckSymbolExists.c:14:19: note: each undeclared identifier is reported only once for each function it appears in
gmake[1]: *** [CMakeFiles/cmTC_654a0.dir/build.make:85: CMakeFiles/cmTC_654a0.dir/CheckSymbolExists.c.o] Error 1
gmake[1]: Leaving directory '/home/bsarrett/dev/projects/redtangle-cpp/cmake/build/CMakeFiles/CMakeTmp'
gmake: *** [Makefile:140: cmTC_654a0/fast] Error 2


File /home/bsarrett/dev/projects/redtangle-cpp/cmake/build/CMakeFiles/CMakeTmp/CheckSymbolExists.c:
/* */
#include <stddef.h>
#include <stdarg.h>
#include <stdlib.h>
#include <string.h>
#include <stdio.h>
#include <wchar.h>
#include <float.h>

int main(int argc, char** argv)
{
  (void)argv;
#ifndef strlcat
  return ((int*)(&strlcat))[argc];
#else
  (void)argc;
  return 0;
#endif
}
Determining if the _strrev exist failed with the following output:
Change Dir: /home/bsarrett/dev/projects/redtangle-cpp/cmake/build/CMakeFiles/CMakeTmp

Run Build Command(s):/usr/bin/gmake cmTC_e9aa2/fast && /usr/bin/gmake  -f CMakeFiles/cmTC_e9aa2.dir/build.make CMakeFiles/cmTC_e9aa2.dir/build
gmake[1]: Entering directory '/home/bsarrett/dev/projects/redtangle-cpp/cmake/build/CMakeFiles/CMakeTmp'
Building C object CMakeFiles/cmTC_e9aa2.dir/CheckSymbolExists.c.o
/usr/bin/cc   -idirafter "/home/bsarrett/dev/projects/redtangle-cpp/libs/SDL/src/video/khronos"  -D_GNU_SOURCE=1 -o CMakeFiles/cmTC_e9aa2.dir/CheckSymbolExists.c.o -c /home/bsarrett/dev/projects/redtangle-cpp/cmake/build/CMakeFiles/CMakeTmp/CheckSymbolExists.c
/home/bsarrett/dev/projects/redtangle-cpp/cmake/build/CMakeFiles/CMakeTmp/CheckSymbolExists.c: In function ‘main’:
/home/bsarrett/dev/projects/redtangle-cpp/cmake/build/CMakeFiles/CMakeTmp/CheckSymbolExists.c:14:19: error: ‘_strrev’ undeclared (first use in this function)
   14 |   return ((int*)(&_strrev))[argc];
      |                   ^~~~~~~
/home/bsarrett/dev/projects/redtangle-cpp/cmake/build/CMakeFiles/CMakeTmp/CheckSymbolExists.c:14:19: note: each undeclared identifier is reported only once for each function it appears in
gmake[1]: *** [CMakeFiles/cmTC_e9aa2.dir/build.make:85: CMakeFiles/cmTC_e9aa2.dir/CheckSymbolExists.c.o] Error 1
gmake[1]: Leaving directory '/home/bsarrett/dev/projects/redtangle-cpp/cmake/build/CMakeFiles/CMakeTmp'
gmake: *** [Makefile:140: cmTC_e9aa2/fast] Error 2


File /home/bsarrett/dev/projects/redtangle-cpp/cmake/build/CMakeFiles/CMakeTmp/CheckSymbolExists.c:
/* */
#include <stddef.h>
#include <stdarg.h>
#include <stdlib.h>
#include <string.h>
#include <stdio.h>
#include <wchar.h>
#include <float.h>

int main(int argc, char** argv)
{
  (void)argv;
#ifndef _strrev
  return ((int*)(&_strrev))[argc];
#else
  (void)argc;
  return 0;
#endif
}
Determining if the _strupr exist failed with the following output:
Change Dir: /home/bsarrett/dev/projects/redtangle-cpp/cmake/build/CMakeFiles/CMakeTmp

Run Build Command(s):/usr/bin/gmake cmTC_432ad/fast && /usr/bin/gmake  -f CMakeFiles/cmTC_432ad.dir/build.make CMakeFiles/cmTC_432ad.dir/build
gmake[1]: Entering directory '/home/bsarrett/dev/projects/redtangle-cpp/cmake/build/CMakeFiles/CMakeTmp'
Building C object CMakeFiles/cmTC_432ad.dir/CheckSymbolExists.c.o
/usr/bin/cc   -idirafter "/home/bsarrett/dev/projects/redtangle-cpp/libs/SDL/src/video/khronos"  -D_GNU_SOURCE=1 -o CMakeFiles/cmTC_432ad.dir/CheckSymbolExists.c.o -c /home/bsarrett/dev/projects/redtangle-cpp/cmake/build/CMakeFiles/CMakeTmp/CheckSymbolExists.c
/home/bsarrett/dev/projects/redtangle-cpp/cmake/build/CMakeFiles/CMakeTmp/CheckSymbolExists.c: In function ‘main’:
/home/bsarrett/dev/projects/redtangle-cpp/cmake/build/CMakeFiles/CMakeTmp/CheckSymbolExists.c:14:19: error: ‘_strupr’ undeclared (first use in this function)
   14 |   return ((int*)(&_strupr))[argc];
      |                   ^~~~~~~
/home/bsarrett/dev/projects/redtangle-cpp/cmake/build/CMakeFiles/CMakeTmp/CheckSymbolExists.c:14:19: note: each undeclared identifier is reported only once for each function it appears in
gmake[1]: *** [CMakeFiles/cmTC_432ad.dir/build.make:85: CMakeFiles/cmTC_432ad.dir/CheckSymbolExists.c.o] Error 1
gmake[1]: Leaving directory '/home/bsarrett/dev/projects/redtangle-cpp/cmake/build/CMakeFiles/CMakeTmp'
gmake: *** [Makefile:140: cmTC_432ad/fast] Error 2


File /home/bsarrett/dev/projects/redtangle-cpp/cmake/build/CMakeFiles/CMakeTmp/CheckSymbolExists.c:
/* */
#include <stddef.h>
#include <stdarg.h>
#include <stdlib.h>
#include <string.h>
#include <stdio.h>
#include <wchar.h>
#include <float.h>

int main(int argc, char** argv)
{
  (void)argv;
#ifndef _strupr
  return ((int*)(&_strupr))[argc];
#else
  (void)argc;
  return 0;
#endif
}
Determining if the _strlwr exist failed with the following output:
Change Dir: /home/bsarrett/dev/projects/redtangle-cpp/cmake/build/CMakeFiles/CMakeTmp

Run Build Command(s):/usr/bin/gmake cmTC_52d07/fast && /usr/bin/gmake  -f CMakeFiles/cmTC_52d07.dir/build.make CMakeFiles/cmTC_52d07.dir/build
gmake[1]: Entering directory '/home/bsarrett/dev/projects/redtangle-cpp/cmake/build/CMakeFiles/CMakeTmp'
Building C object CMakeFiles/cmTC_52d07.dir/CheckSymbolExists.c.o
/usr/bin/cc   -idirafter "/home/bsarrett/dev/projects/redtangle-cpp/libs/SDL/src/video/khronos"  -D_GNU_SOURCE=1 -o CMakeFiles/cmTC_52d07.dir/CheckSymbolExists.c.o -c /home/bsarrett/dev/projects/redtangle-cpp/cmake/build/CMakeFiles/CMakeTmp/CheckSymbolExists.c
/home/bsarrett/dev/projects/redtangle-cpp/cmake/build/CMakeFiles/CMakeTmp/CheckSymbolExists.c: In function ‘main’:
/home/bsarrett/dev/projects/redtangle-cpp/cmake/build/CMakeFiles/CMakeTmp/CheckSymbolExists.c:14:19: error: ‘_strlwr’ undeclared (first use in this function)
   14 |   return ((int*)(&_strlwr))[argc];
      |                   ^~~~~~~
/home/bsarrett/dev/projects/redtangle-cpp/cmake/build/CMakeFiles/CMakeTmp/CheckSymbolExists.c:14:19: note: each undeclared identifier is reported only once for each function it appears in
gmake[1]: *** [CMakeFiles/cmTC_52d07.dir/build.make:85: CMakeFiles/cmTC_52d07.dir/CheckSymbolExists.c.o] Error 1
gmake[1]: Leaving directory '/home/bsarrett/dev/projects/redtangle-cpp/cmake/build/CMakeFiles/CMakeTmp'
gmake: *** [Makefile:140: cmTC_52d07/fast] Error 2


File /home/bsarrett/dev/projects/redtangle-cpp/cmake/build/CMakeFiles/CMakeTmp/CheckSymbolExists.c:
/* */
#include <stddef.h>
#include <stdarg.h>
#include <stdlib.h>
#include <string.h>
#include <stdio.h>
#include <wchar.h>
#include <float.h>

int main(int argc, char** argv)
{
  (void)argv;
#ifndef _strlwr
  return ((int*)(&_strlwr))[argc];
#else
  (void)argc;
  return 0;
#endif
}
Determining if the itoa exist failed with the following output:
Change Dir: /home/bsarrett/dev/projects/redtangle-cpp/cmake/build/CMakeFiles/CMakeTmp

Run Build Command(s):/usr/bin/gmake cmTC_683c9/fast && /usr/bin/gmake  -f CMakeFiles/cmTC_683c9.dir/build.make CMakeFiles/cmTC_683c9.dir/build
gmake[1]: Entering directory '/home/bsarrett/dev/projects/redtangle-cpp/cmake/build/CMakeFiles/CMakeTmp'
Building C object CMakeFiles/cmTC_683c9.dir/CheckSymbolExists.c.o
/usr/bin/cc   -idirafter "/home/bsarrett/dev/projects/redtangle-cpp/libs/SDL/src/video/khronos"  -D_GNU_SOURCE=1 -o CMakeFiles/cmTC_683c9.dir/CheckSymbolExists.c.o -c /home/bsarrett/dev/projects/redtangle-cpp/cmake/build/CMakeFiles/CMakeTmp/CheckSymbolExists.c
/home/bsarrett/dev/projects/redtangle-cpp/cmake/build/CMakeFiles/CMakeTmp/CheckSymbolExists.c: In function ‘main’:
/home/bsarrett/dev/projects/redtangle-cpp/cmake/build/CMakeFiles/CMakeTmp/CheckSymbolExists.c:14:19: error: ‘itoa’ undeclared (first use in this function)
   14 |   return ((int*)(&itoa))[argc];
      |                   ^~~~
/home/bsarrett/dev/projects/redtangle-cpp/cmake/build/CMakeFiles/CMakeTmp/CheckSymbolExists.c:14:19: note: each undeclared identifier is reported only once for each function it appears in
gmake[1]: *** [CMakeFiles/cmTC_683c9.dir/build.make:85: CMakeFiles/cmTC_683c9.dir/CheckSymbolExists.c.o] Error 1
gmake[1]: Leaving directory '/home/bsarrett/dev/projects/redtangle-cpp/cmake/build/CMakeFiles/CMakeTmp'
gmake: *** [Makefile:140: cmTC_683c9/fast] Error 2


File /home/bsarrett/dev/projects/redtangle-cpp/cmake/build/CMakeFiles/CMakeTmp/CheckSymbolExists.c:
/* */
#include <stddef.h>
#include <stdarg.h>
#include <stdlib.h>
#include <string.h>
#include <stdio.h>
#include <wchar.h>
#include <float.h>

int main(int argc, char** argv)
{
  (void)argv;
#ifndef itoa
  return ((int*)(&itoa))[argc];
#else
  (void)argc;
  return 0;
#endif
}
Determining if the _ltoa exist failed with the following output:
Change Dir: /home/bsarrett/dev/projects/redtangle-cpp/cmake/build/CMakeFiles/CMakeTmp

Run Build Command(s):/usr/bin/gmake cmTC_1de55/fast && /usr/bin/gmake  -f CMakeFiles/cmTC_1de55.dir/build.make CMakeFiles/cmTC_1de55.dir/build
gmake[1]: Entering directory '/home/bsarrett/dev/projects/redtangle-cpp/cmake/build/CMakeFiles/CMakeTmp'
Building C object CMakeFiles/cmTC_1de55.dir/CheckSymbolExists.c.o
/usr/bin/cc   -idirafter "/home/bsarrett/dev/projects/redtangle-cpp/libs/SDL/src/video/khronos"  -D_GNU_SOURCE=1 -o CMakeFiles/cmTC_1de55.dir/CheckSymbolExists.c.o -c /home/bsarrett/dev/projects/redtangle-cpp/cmake/build/CMakeFiles/CMakeTmp/CheckSymbolExists.c
/home/bsarrett/dev/projects/redtangle-cpp/cmake/build/CMakeFiles/CMakeTmp/CheckSymbolExists.c: In function ‘main’:
/home/bsarrett/dev/projects/redtangle-cpp/cmake/build/CMakeFiles/CMakeTmp/CheckSymbolExists.c:14:19: error: ‘_ltoa’ undeclared (first use in this function)
   14 |   return ((int*)(&_ltoa))[argc];
      |                   ^~~~~
/home/bsarrett/dev/projects/redtangle-cpp/cmake/build/CMakeFiles/CMakeTmp/CheckSymbolExists.c:14:19: note: each undeclared identifier is reported only once for each function it appears in
gmake[1]: *** [CMakeFiles/cmTC_1de55.dir/build.make:85: CMakeFiles/cmTC_1de55.dir/CheckSymbolExists.c.o] Error 1
gmake[1]: Leaving directory '/home/bsarrett/dev/projects/redtangle-cpp/cmake/build/CMakeFiles/CMakeTmp'
gmake: *** [Makefile:140: cmTC_1de55/fast] Error 2


File /home/bsarrett/dev/projects/redtangle-cpp/cmake/build/CMakeFiles/CMakeTmp/CheckSymbolExists.c:
/* */
#include <stddef.h>
#include <stdarg.h>
#include <stdlib.h>
#include <string.h>
#include <stdio.h>
#include <wchar.h>
#include <float.h>

int main(int argc, char** argv)
{
  (void)argv;
#ifndef _ltoa
  return ((int*)(&_ltoa))[argc];
#else
  (void)argc;
  return 0;
#endif
}
Determining if the _uitoa exist failed with the following output:
Change Dir: /home/bsarrett/dev/projects/redtangle-cpp/cmake/build/CMakeFiles/CMakeTmp

Run Build Command(s):/usr/bin/gmake cmTC_79574/fast && /usr/bin/gmake  -f CMakeFiles/cmTC_79574.dir/build.make CMakeFiles/cmTC_79574.dir/build
gmake[1]: Entering directory '/home/bsarrett/dev/projects/redtangle-cpp/cmake/build/CMakeFiles/CMakeTmp'
Building C object CMakeFiles/cmTC_79574.dir/CheckSymbolExists.c.o
/usr/bin/cc   -idirafter "/home/bsarrett/dev/projects/redtangle-cpp/libs/SDL/src/video/khronos"  -D_GNU_SOURCE=1 -o CMakeFiles/cmTC_79574.dir/CheckSymbolExists.c.o -c /home/bsarrett/dev/projects/redtangle-cpp/cmake/build/CMakeFiles/CMakeTmp/CheckSymbolExists.c
/home/bsarrett/dev/projects/redtangle-cpp/cmake/build/CMakeFiles/CMakeTmp/CheckSymbolExists.c: In function ‘main’:
/home/bsarrett/dev/projects/redtangle-cpp/cmake/build/CMakeFiles/CMakeTmp/CheckSymbolExists.c:14:19: error: ‘_uitoa’ undeclared (first use in this function)
   14 |   return ((int*)(&_uitoa))[argc];
      |                   ^~~~~~
/home/bsarrett/dev/projects/redtangle-cpp/cmake/build/CMakeFiles/CMakeTmp/CheckSymbolExists.c:14:19: note: each undeclared identifier is reported only once for each function it appears in
gmake[1]: *** [CMakeFiles/cmTC_79574.dir/build.make:85: CMakeFiles/cmTC_79574.dir/CheckSymbolExists.c.o] Error 1
gmake[1]: Leaving directory '/home/bsarrett/dev/projects/redtangle-cpp/cmake/build/CMakeFiles/CMakeTmp'
gmake: *** [Makefile:140: cmTC_79574/fast] Error 2


File /home/bsarrett/dev/projects/redtangle-cpp/cmake/build/CMakeFiles/CMakeTmp/CheckSymbolExists.c:
/* */
#include <stddef.h>
#include <stdarg.h>
#include <stdlib.h>
#include <string.h>
#include <stdio.h>
#include <wchar.h>
#include <float.h>

int main(int argc, char** argv)
{
  (void)argv;
#ifndef _uitoa
  return ((int*)(&_uitoa))[argc];
#else
  (void)argc;
  return 0;
#endif
}
Determining if the _ultoa exist failed with the following output:
Change Dir: /home/bsarrett/dev/projects/redtangle-cpp/cmake/build/CMakeFiles/CMakeTmp

Run Build Command(s):/usr/bin/gmake cmTC_0b95a/fast && /usr/bin/gmake  -f CMakeFiles/cmTC_0b95a.dir/build.make CMakeFiles/cmTC_0b95a.dir/build
gmake[1]: Entering directory '/home/bsarrett/dev/projects/redtangle-cpp/cmake/build/CMakeFiles/CMakeTmp'
Building C object CMakeFiles/cmTC_0b95a.dir/CheckSymbolExists.c.o
/usr/bin/cc   -idirafter "/home/bsarrett/dev/projects/redtangle-cpp/libs/SDL/src/video/khronos"  -D_GNU_SOURCE=1 -o CMakeFiles/cmTC_0b95a.dir/CheckSymbolExists.c.o -c /home/bsarrett/dev/projects/redtangle-cpp/cmake/build/CMakeFiles/CMakeTmp/CheckSymbolExists.c
/home/bsarrett/dev/projects/redtangle-cpp/cmake/build/CMakeFiles/CMakeTmp/CheckSymbolExists.c: In function ‘main’:
/home/bsarrett/dev/projects/redtangle-cpp/cmake/build/CMakeFiles/CMakeTmp/CheckSymbolExists.c:14:19: error: ‘_ultoa’ undeclared (first use in this function)
   14 |   return ((int*)(&_ultoa))[argc];
      |                   ^~~~~~
/home/bsarrett/dev/projects/redtangle-cpp/cmake/build/CMakeFiles/CMakeTmp/CheckSymbolExists.c:14:19: note: each undeclared identifier is reported only once for each function it appears in
gmake[1]: *** [CMakeFiles/cmTC_0b95a.dir/build.make:85: CMakeFiles/cmTC_0b95a.dir/CheckSymbolExists.c.o] Error 1
gmake[1]: Leaving directory '/home/bsarrett/dev/projects/redtangle-cpp/cmake/build/CMakeFiles/CMakeTmp'
gmake: *** [Makefile:140: cmTC_0b95a/fast] Error 2


File /home/bsarrett/dev/projects/redtangle-cpp/cmake/build/CMakeFiles/CMakeTmp/CheckSymbolExists.c:
/* */
#include <stddef.h>
#include <stdarg.h>
#include <stdlib.h>
#include <string.h>
#include <stdio.h>
#include <wchar.h>
#include <float.h>

int main(int argc, char** argv)
{
  (void)argv;
#ifndef _ultoa
  return ((int*)(&_ultoa))[argc];
#else
  (void)argc;
  return 0;
#endif
}
Determining if the _i64toa exist failed with the following output:
Change Dir: /home/bsarrett/dev/projects/redtangle-cpp/cmake/build/CMakeFiles/CMakeTmp

Run Build Command(s):/usr/bin/gmake cmTC_7bcf7/fast && /usr/bin/gmake  -f CMakeFiles/cmTC_7bcf7.dir/build.make CMakeFiles/cmTC_7bcf7.dir/build
gmake[1]: Entering directory '/home/bsarrett/dev/projects/redtangle-cpp/cmake/build/CMakeFiles/CMakeTmp'
Building C object CMakeFiles/cmTC_7bcf7.dir/CheckSymbolExists.c.o
/usr/bin/cc   -idirafter "/home/bsarrett/dev/projects/redtangle-cpp/libs/SDL/src/video/khronos"  -D_GNU_SOURCE=1 -o CMakeFiles/cmTC_7bcf7.dir/CheckSymbolExists.c.o -c /home/bsarrett/dev/projects/redtangle-cpp/cmake/build/CMakeFiles/CMakeTmp/CheckSymbolExists.c
/home/bsarrett/dev/projects/redtangle-cpp/cmake/build/CMakeFiles/CMakeTmp/CheckSymbolExists.c: In function ‘main’:
/home/bsarrett/dev/projects/redtangle-cpp/cmake/build/CMakeFiles/CMakeTmp/CheckSymbolExists.c:14:19: error: ‘_i64toa’ undeclared (first use in this function)
   14 |   return ((int*)(&_i64toa))[argc];
      |                   ^~~~~~~
/home/bsarrett/dev/projects/redtangle-cpp/cmake/build/CMakeFiles/CMakeTmp/CheckSymbolExists.c:14:19: note: each undeclared identifier is reported only once for each function it appears in
gmake[1]: *** [CMakeFiles/cmTC_7bcf7.dir/build.make:85: CMakeFiles/cmTC_7bcf7.dir/CheckSymbolExists.c.o] Error 1
gmake[1]: Leaving directory '/home/bsarrett/dev/projects/redtangle-cpp/cmake/build/CMakeFiles/CMakeTmp'
gmake: *** [Makefile:140: cmTC_7bcf7/fast] Error 2


File /home/bsarrett/dev/projects/redtangle-cpp/cmake/build/CMakeFiles/CMakeTmp/CheckSymbolExists.c:
/* */
#include <stddef.h>
#include <stdarg.h>
#include <stdlib.h>
#include <string.h>
#include <stdio.h>
#include <wchar.h>
#include <float.h>

int main(int argc, char** argv)
{
  (void)argv;
#ifndef _i64toa
  return ((int*)(&_i64toa))[argc];
#else
  (void)argc;
  return 0;
#endif
}
Determining if the _ui64toa exist failed with the following output:
Change Dir: /home/bsarrett/dev/projects/redtangle-cpp/cmake/build/CMakeFiles/CMakeTmp

Run Build Command(s):/usr/bin/gmake cmTC_c2b09/fast && /usr/bin/gmake  -f CMakeFiles/cmTC_c2b09.dir/build.make CMakeFiles/cmTC_c2b09.dir/build
gmake[1]: Entering directory '/home/bsarrett/dev/projects/redtangle-cpp/cmake/build/CMakeFiles/CMakeTmp'
Building C object CMakeFiles/cmTC_c2b09.dir/CheckSymbolExists.c.o
/usr/bin/cc   -idirafter "/home/bsarrett/dev/projects/redtangle-cpp/libs/SDL/src/video/khronos"  -D_GNU_SOURCE=1 -o CMakeFiles/cmTC_c2b09.dir/CheckSymbolExists.c.o -c /home/bsarrett/dev/projects/redtangle-cpp/cmake/build/CMakeFiles/CMakeTmp/CheckSymbolExists.c
/home/bsarrett/dev/projects/redtangle-cpp/cmake/build/CMakeFiles/CMakeTmp/CheckSymbolExists.c: In function ‘main’:
/home/bsarrett/dev/projects/redtangle-cpp/cmake/build/CMakeFiles/CMakeTmp/CheckSymbolExists.c:14:19: error: ‘_ui64toa’ undeclared (first use in this function)
   14 |   return ((int*)(&_ui64toa))[argc];
      |                   ^~~~~~~~
/home/bsarrett/dev/projects/redtangle-cpp/cmake/build/CMakeFiles/CMakeTmp/CheckSymbolExists.c:14:19: note: each undeclared identifier is reported only once for each function it appears in
gmake[1]: *** [CMakeFiles/cmTC_c2b09.dir/build.make:85: CMakeFiles/cmTC_c2b09.dir/CheckSymbolExists.c.o] Error 1
gmake[1]: Leaving directory '/home/bsarrett/dev/projects/redtangle-cpp/cmake/build/CMakeFiles/CMakeTmp'
gmake: *** [Makefile:140: cmTC_c2b09/fast] Error 2


File /home/bsarrett/dev/projects/redtangle-cpp/cmake/build/CMakeFiles/CMakeTmp/CheckSymbolExists.c:
/* */
#include <stddef.h>
#include <stdarg.h>
#include <stdlib.h>
#include <string.h>
#include <stdio.h>
#include <wchar.h>
#include <float.h>

int main(int argc, char** argv)
{
  (void)argv;
#ifndef _ui64toa
  return ((int*)(&_ui64toa))[argc];
#else
  (void)argc;
  return 0;
#endif
}
Determining if the _stricmp exist failed with the following output:
Change Dir: /home/bsarrett/dev/projects/redtangle-cpp/cmake/build/CMakeFiles/CMakeTmp

Run Build Command(s):/usr/bin/gmake cmTC_b891b/fast && /usr/bin/gmake  -f CMakeFiles/cmTC_b891b.dir/build.make CMakeFiles/cmTC_b891b.dir/build
gmake[1]: Entering directory '/home/bsarrett/dev/projects/redtangle-cpp/cmake/build/CMakeFiles/CMakeTmp'
Building C object CMakeFiles/cmTC_b891b.dir/CheckSymbolExists.c.o
/usr/bin/cc   -idirafter "/home/bsarrett/dev/projects/redtangle-cpp/libs/SDL/src/video/khronos"  -D_GNU_SOURCE=1 -o CMakeFiles/cmTC_b891b.dir/CheckSymbolExists.c.o -c /home/bsarrett/dev/projects/redtangle-cpp/cmake/build/CMakeFiles/CMakeTmp/CheckSymbolExists.c
/home/bsarrett/dev/projects/redtangle-cpp/cmake/build/CMakeFiles/CMakeTmp/CheckSymbolExists.c: In function ‘main’:
/home/bsarrett/dev/projects/redtangle-cpp/cmake/build/CMakeFiles/CMakeTmp/CheckSymbolExists.c:14:19: error: ‘_stricmp’ undeclared (first use in this function); did you mean ‘strncmp’?
   14 |   return ((int*)(&_stricmp))[argc];
      |                   ^~~~~~~~
      |                   strncmp
/home/bsarrett/dev/projects/redtangle-cpp/cmake/build/CMakeFiles/CMakeTmp/CheckSymbolExists.c:14:19: note: each undeclared identifier is reported only once for each function it appears in
gmake[1]: *** [CMakeFiles/cmTC_b891b.dir/build.make:85: CMakeFiles/cmTC_b891b.dir/CheckSymbolExists.c.o] Error 1
gmake[1]: Leaving directory '/home/bsarrett/dev/projects/redtangle-cpp/cmake/build/CMakeFiles/CMakeTmp'
gmake: *** [Makefile:140: cmTC_b891b/fast] Error 2


File /home/bsarrett/dev/projects/redtangle-cpp/cmake/build/CMakeFiles/CMakeTmp/CheckSymbolExists.c:
/* */
#include <stddef.h>
#include <stdarg.h>
#include <stdlib.h>
#include <string.h>
#include <stdio.h>
#include <wchar.h>
#include <float.h>

int main(int argc, char** argv)
{
  (void)argv;
#ifndef _stricmp
  return ((int*)(&_stricmp))[argc];
#else
  (void)argc;
  return 0;
#endif
}
Determining if the _strnicmp exist failed with the following output:
Change Dir: /home/bsarrett/dev/projects/redtangle-cpp/cmake/build/CMakeFiles/CMakeTmp

Run Build Command(s):/usr/bin/gmake cmTC_4c446/fast && /usr/bin/gmake  -f CMakeFiles/cmTC_4c446.dir/build.make CMakeFiles/cmTC_4c446.dir/build
gmake[1]: Entering directory '/home/bsarrett/dev/projects/redtangle-cpp/cmake/build/CMakeFiles/CMakeTmp'
Building C object CMakeFiles/cmTC_4c446.dir/CheckSymbolExists.c.o
/usr/bin/cc   -idirafter "/home/bsarrett/dev/projects/redtangle-cpp/libs/SDL/src/video/khronos"  -D_GNU_SOURCE=1 -o CMakeFiles/cmTC_4c446.dir/CheckSymbolExists.c.o -c /home/bsarrett/dev/projects/redtangle-cpp/cmake/build/CMakeFiles/CMakeTmp/CheckSymbolExists.c
/home/bsarrett/dev/projects/redtangle-cpp/cmake/build/CMakeFiles/CMakeTmp/CheckSymbolExists.c: In function ‘main’:
/home/bsarrett/dev/projects/redtangle-cpp/cmake/build/CMakeFiles/CMakeTmp/CheckSymbolExists.c:14:19: error: ‘_strnicmp’ undeclared (first use in this function); did you mean ‘strncmp’?
   14 |   return ((int*)(&_strnicmp))[argc];
      |                   ^~~~~~~~~
      |                   strncmp
/home/bsarrett/dev/projects/redtangle-cpp/cmake/build/CMakeFiles/CMakeTmp/CheckSymbolExists.c:14:19: note: each undeclared identifier is reported only once for each function it appears in
gmake[1]: *** [CMakeFiles/cmTC_4c446.dir/build.make:85: CMakeFiles/cmTC_4c446.dir/CheckSymbolExists.c.o] Error 1
gmake[1]: Leaving directory '/home/bsarrett/dev/projects/redtangle-cpp/cmake/build/CMakeFiles/CMakeTmp'
gmake: *** [Makefile:140: cmTC_4c446/fast] Error 2


File /home/bsarrett/dev/projects/redtangle-cpp/cmake/build/CMakeFiles/CMakeTmp/CheckSymbolExists.c:
/* */
#include <stddef.h>
#include <stdarg.h>
#include <stdlib.h>
#include <string.h>
#include <stdio.h>
#include <wchar.h>
#include <float.h>

int main(int argc, char** argv)
{
  (void)argv;
#ifndef _strnicmp
  return ((int*)(&_strnicmp))[argc];
#else
  (void)argc;
  return 0;
#endif
}
Determining if the _wcsdup exist failed with the following output:
Change Dir: /home/bsarrett/dev/projects/redtangle-cpp/cmake/build/CMakeFiles/CMakeTmp

Run Build Command(s):/usr/bin/gmake cmTC_f114b/fast && /usr/bin/gmake  -f CMakeFiles/cmTC_f114b.dir/build.make CMakeFiles/cmTC_f114b.dir/build
gmake[1]: Entering directory '/home/bsarrett/dev/projects/redtangle-cpp/cmake/build/CMakeFiles/CMakeTmp'
Building C object CMakeFiles/cmTC_f114b.dir/CheckSymbolExists.c.o
/usr/bin/cc   -idirafter "/home/bsarrett/dev/projects/redtangle-cpp/libs/SDL/src/video/khronos"  -D_GNU_SOURCE=1 -o CMakeFiles/cmTC_f114b.dir/CheckSymbolExists.c.o -c /home/bsarrett/dev/projects/redtangle-cpp/cmake/build/CMakeFiles/CMakeTmp/CheckSymbolExists.c
/home/bsarrett/dev/projects/redtangle-cpp/cmake/build/CMakeFiles/CMakeTmp/CheckSymbolExists.c: In function ‘main’:
/home/bsarrett/dev/projects/redtangle-cpp/cmake/build/CMakeFiles/CMakeTmp/CheckSymbolExists.c:14:19: error: ‘_wcsdup’ undeclared (first use in this function); did you mean ‘wcsdup’?
   14 |   return ((int*)(&_wcsdup))[argc];
      |                   ^~~~~~~
      |                   wcsdup
/home/bsarrett/dev/projects/redtangle-cpp/cmake/build/CMakeFiles/CMakeTmp/CheckSymbolExists.c:14:19: note: each undeclared identifier is reported only once for each function it appears in
gmake[1]: *** [CMakeFiles/cmTC_f114b.dir/build.make:85: CMakeFiles/cmTC_f114b.dir/CheckSymbolExists.c.o] Error 1
gmake[1]: Leaving directory '/home/bsarrett/dev/projects/redtangle-cpp/cmake/build/CMakeFiles/CMakeTmp'
gmake: *** [Makefile:140: cmTC_f114b/fast] Error 2


File /home/bsarrett/dev/projects/redtangle-cpp/cmake/build/CMakeFiles/CMakeTmp/CheckSymbolExists.c:
/* */
#include <stddef.h>
#include <stdarg.h>
#include <stdlib.h>
#include <string.h>
#include <stdio.h>
#include <wchar.h>
#include <float.h>

int main(int argc, char** argv)
{
  (void)argv;
#ifndef _wcsdup
  return ((int*)(&_wcsdup))[argc];
#else
  (void)argc;
  return 0;
#endif
}
Determining if the wcslcat exist failed with the following output:
Change Dir: /home/bsarrett/dev/projects/redtangle-cpp/cmake/build/CMakeFiles/CMakeTmp

Run Build Command(s):/usr/bin/gmake cmTC_28315/fast && /usr/bin/gmake  -f CMakeFiles/cmTC_28315.dir/build.make CMakeFiles/cmTC_28315.dir/build
gmake[1]: Entering directory '/home/bsarrett/dev/projects/redtangle-cpp/cmake/build/CMakeFiles/CMakeTmp'
Building C object CMakeFiles/cmTC_28315.dir/CheckSymbolExists.c.o
/usr/bin/cc   -idirafter "/home/bsarrett/dev/projects/redtangle-cpp/libs/SDL/src/video/khronos"  -D_GNU_SOURCE=1 -o CMakeFiles/cmTC_28315.dir/CheckSymbolExists.c.o -c /home/bsarrett/dev/projects/redtangle-cpp/cmake/build/CMakeFiles/CMakeTmp/CheckSymbolExists.c
/home/bsarrett/dev/projects/redtangle-cpp/cmake/build/CMakeFiles/CMakeTmp/CheckSymbolExists.c: In function ‘main’:
/home/bsarrett/dev/projects/redtangle-cpp/cmake/build/CMakeFiles/CMakeTmp/CheckSymbolExists.c:14:19: error: ‘wcslcat’ undeclared (first use in this function); did you mean ‘wcsncat’?
   14 |   return ((int*)(&wcslcat))[argc];
      |                   ^~~~~~~
      |                   wcsncat
/home/bsarrett/dev/projects/redtangle-cpp/cmake/build/CMakeFiles/CMakeTmp/CheckSymbolExists.c:14:19: note: each undeclared identifier is reported only once for each function it appears in
gmake[1]: *** [CMakeFiles/cmTC_28315.dir/build.make:85: CMakeFiles/cmTC_28315.dir/CheckSymbolExists.c.o] Error 1
gmake[1]: Leaving directory '/home/bsarrett/dev/projects/redtangle-cpp/cmake/build/CMakeFiles/CMakeTmp'
gmake: *** [Makefile:140: cmTC_28315/fast] Error 2


File /home/bsarrett/dev/projects/redtangle-cpp/cmake/build/CMakeFiles/CMakeTmp/CheckSymbolExists.c:
/* */
#include <stddef.h>
#include <stdarg.h>
#include <stdlib.h>
#include <string.h>
#include <stdio.h>
#include <wchar.h>
#include <float.h>

int main(int argc, char** argv)
{
  (void)argv;
#ifndef wcslcat
  return ((int*)(&wcslcat))[argc];
#else
  (void)argc;
  return 0;
#endif
}
Determining if the wcslcpy exist failed with the following output:
Change Dir: /home/bsarrett/dev/projects/redtangle-cpp/cmake/build/CMakeFiles/CMakeTmp

Run Build Command(s):/usr/bin/gmake cmTC_cb815/fast && /usr/bin/gmake  -f CMakeFiles/cmTC_cb815.dir/build.make CMakeFiles/cmTC_cb815.dir/build
gmake[1]: Entering directory '/home/bsarrett/dev/projects/redtangle-cpp/cmake/build/CMakeFiles/CMakeTmp'
Building C object CMakeFiles/cmTC_cb815.dir/CheckSymbolExists.c.o
/usr/bin/cc   -idirafter "/home/bsarrett/dev/projects/redtangle-cpp/libs/SDL/src/video/khronos"  -D_GNU_SOURCE=1 -o CMakeFiles/cmTC_cb815.dir/CheckSymbolExists.c.o -c /home/bsarrett/dev/projects/redtangle-cpp/cmake/build/CMakeFiles/CMakeTmp/CheckSymbolExists.c
/home/bsarrett/dev/projects/redtangle-cpp/cmake/build/CMakeFiles/CMakeTmp/CheckSymbolExists.c: In function ‘main’:
/home/bsarrett/dev/projects/redtangle-cpp/cmake/build/CMakeFiles/CMakeTmp/CheckSymbolExists.c:14:19: error: ‘wcslcpy’ undeclared (first use in this function); did you mean ‘wcsncpy’?
   14 |   return ((int*)(&wcslcpy))[argc];
      |                   ^~~~~~~
      |                   wcsncpy
/home/bsarrett/dev/projects/redtangle-cpp/cmake/build/CMakeFiles/CMakeTmp/CheckSymbolExists.c:14:19: note: each undeclared identifier is reported only once for each function it appears in
gmake[1]: *** [CMakeFiles/cmTC_cb815.dir/build.make:85: CMakeFiles/cmTC_cb815.dir/CheckSymbolExists.c.o] Error 1
gmake[1]: Leaving directory '/home/bsarrett/dev/projects/redtangle-cpp/cmake/build/CMakeFiles/CMakeTmp'
gmake: *** [Makefile:140: cmTC_cb815/fast] Error 2


File /home/bsarrett/dev/projects/redtangle-cpp/cmake/build/CMakeFiles/CMakeTmp/CheckSymbolExists.c:
/* */
#include <stddef.h>
#include <stdarg.h>
#include <stdlib.h>
#include <string.h>
#include <stdio.h>
#include <wchar.h>
#include <float.h>

int main(int argc, char** argv)
{
  (void)argv;
#ifndef wcslcpy
  return ((int*)(&wcslcpy))[argc];
#else
  (void)argc;
  return 0;
#endif
}
Determining if the _wcsicmp exist failed with the following output:
Change Dir: /home/bsarrett/dev/projects/redtangle-cpp/cmake/build/CMakeFiles/CMakeTmp

Run Build Command(s):/usr/bin/gmake cmTC_7165a/fast && /usr/bin/gmake  -f CMakeFiles/cmTC_7165a.dir/build.make CMakeFiles/cmTC_7165a.dir/build
gmake[1]: Entering directory '/home/bsarrett/dev/projects/redtangle-cpp/cmake/build/CMakeFiles/CMakeTmp'
Building C object CMakeFiles/cmTC_7165a.dir/CheckSymbolExists.c.o
/usr/bin/cc   -idirafter "/home/bsarrett/dev/projects/redtangle-cpp/libs/SDL/src/video/khronos"  -D_GNU_SOURCE=1 -o CMakeFiles/cmTC_7165a.dir/CheckSymbolExists.c.o -c /home/bsarrett/dev/projects/redtangle-cpp/cmake/build/CMakeFiles/CMakeTmp/CheckSymbolExists.c
/home/bsarrett/dev/projects/redtangle-cpp/cmake/build/CMakeFiles/CMakeTmp/CheckSymbolExists.c: In function ‘main’:
/home/bsarrett/dev/projects/redtangle-cpp/cmake/build/CMakeFiles/CMakeTmp/CheckSymbolExists.c:14:19: error: ‘_wcsicmp’ undeclared (first use in this function); did you mean ‘wcsncmp’?
   14 |   return ((int*)(&_wcsicmp))[argc];
      |                   ^~~~~~~~
      |                   wcsncmp
/home/bsarrett/dev/projects/redtangle-cpp/cmake/build/CMakeFiles/CMakeTmp/CheckSymbolExists.c:14:19: note: each undeclared identifier is reported only once for each function it appears in
gmake[1]: *** [CMakeFiles/cmTC_7165a.dir/build.make:85: CMakeFiles/cmTC_7165a.dir/CheckSymbolExists.c.o] Error 1
gmake[1]: Leaving directory '/home/bsarrett/dev/projects/redtangle-cpp/cmake/build/CMakeFiles/CMakeTmp'
gmake: *** [Makefile:140: cmTC_7165a/fast] Error 2


File /home/bsarrett/dev/projects/redtangle-cpp/cmake/build/CMakeFiles/CMakeTmp/CheckSymbolExists.c:
/* */
#include <stddef.h>
#include <stdarg.h>
#include <stdlib.h>
#include <string.h>
#include <stdio.h>
#include <wchar.h>
#include <float.h>

int main(int argc, char** argv)
{
  (void)argv;
#ifndef _wcsicmp
  return ((int*)(&_wcsicmp))[argc];
#else
  (void)argc;
  return 0;
#endif
}
Determining if the _wcsnicmp exist failed with the following output:
Change Dir: /home/bsarrett/dev/projects/redtangle-cpp/cmake/build/CMakeFiles/CMakeTmp

Run Build Command(s):/usr/bin/gmake cmTC_c547f/fast && /usr/bin/gmake  -f CMakeFiles/cmTC_c547f.dir/build.make CMakeFiles/cmTC_c547f.dir/build
gmake[1]: Entering directory '/home/bsarrett/dev/projects/redtangle-cpp/cmake/build/CMakeFiles/CMakeTmp'
Building C object CMakeFiles/cmTC_c547f.dir/CheckSymbolExists.c.o
/usr/bin/cc   -idirafter "/home/bsarrett/dev/projects/redtangle-cpp/libs/SDL/src/video/khronos"  -D_GNU_SOURCE=1 -o CMakeFiles/cmTC_c547f.dir/CheckSymbolExists.c.o -c /home/bsarrett/dev/projects/redtangle-cpp/cmake/build/CMakeFiles/CMakeTmp/CheckSymbolExists.c
/home/bsarrett/dev/projects/redtangle-cpp/cmake/build/CMakeFiles/CMakeTmp/CheckSymbolExists.c: In function ‘main’:
/home/bsarrett/dev/projects/redtangle-cpp/cmake/build/CMakeFiles/CMakeTmp/CheckSymbolExists.c:14:19: error: ‘_wcsnicmp’ undeclared (first use in this function); did you mean ‘wcsncmp’?
   14 |   return ((int*)(&_wcsnicmp))[argc];
      |                   ^~~~~~~~~
      |                   wcsncmp
/home/bsarrett/dev/projects/redtangle-cpp/cmake/build/CMakeFiles/CMakeTmp/CheckSymbolExists.c:14:19: note: each undeclared identifier is reported only once for each function it appears in
gmake[1]: *** [CMakeFiles/cmTC_c547f.dir/build.make:85: CMakeFiles/cmTC_c547f.dir/CheckSymbolExists.c.o] Error 1
gmake[1]: Leaving directory '/home/bsarrett/dev/projects/redtangle-cpp/cmake/build/CMakeFiles/CMakeTmp'
gmake: *** [Makefile:140: cmTC_c547f/fast] Error 2


File /home/bsarrett/dev/projects/redtangle-cpp/cmake/build/CMakeFiles/CMakeTmp/CheckSymbolExists.c:
/* */
#include <stddef.h>
#include <stdarg.h>
#include <stdlib.h>
#include <string.h>
#include <stdio.h>
#include <wchar.h>
#include <float.h>

int main(int argc, char** argv)
{
  (void)argv;
#ifndef _wcsnicmp
  return ((int*)(&_wcsnicmp))[argc];
#else
  (void)argc;
  return 0;
#endif
}
Determining if the sysctlbyname exist failed with the following output:
Change Dir: /home/bsarrett/dev/projects/redtangle-cpp/cmake/build/CMakeFiles/CMakeTmp

Run Build Command(s):/usr/bin/gmake cmTC_85b32/fast && /usr/bin/gmake  -f CMakeFiles/cmTC_85b32.dir/build.make CMakeFiles/cmTC_85b32.dir/build
gmake[1]: Entering directory '/home/bsarrett/dev/projects/redtangle-cpp/cmake/build/CMakeFiles/CMakeTmp'
Building C object CMakeFiles/cmTC_85b32.dir/CheckSymbolExists.c.o
/usr/bin/cc   -idirafter "/home/bsarrett/dev/projects/redtangle-cpp/libs/SDL/src/video/khronos"  -D_GNU_SOURCE=1 -o CMakeFiles/cmTC_85b32.dir/CheckSymbolExists.c.o -c /home/bsarrett/dev/projects/redtangle-cpp/cmake/build/CMakeFiles/CMakeTmp/CheckSymbolExists.c
/home/bsarrett/dev/projects/redtangle-cpp/cmake/build/CMakeFiles/CMakeTmp/CheckSymbolExists.c:3:10: fatal error: sys/sysctl.h: No such file or directory
    3 | #include <sys/sysctl.h>
      |          ^~~~~~~~~~~~~~
compilation terminated.
gmake[1]: *** [CMakeFiles/cmTC_85b32.dir/build.make:85: CMakeFiles/cmTC_85b32.dir/CheckSymbolExists.c.o] Error 1
gmake[1]: Leaving directory '/home/bsarrett/dev/projects/redtangle-cpp/cmake/build/CMakeFiles/CMakeTmp'
gmake: *** [Makefile:140: cmTC_85b32/fast] Error 2


File /home/bsarrett/dev/projects/redtangle-cpp/cmake/build/CMakeFiles/CMakeTmp/CheckSymbolExists.c:
/* */
#include <sys/types.h>
#include <sys/sysctl.h>

int main(int argc, char** argv)
{
  (void)argv;
#ifndef sysctlbyname
  return ((int*)(&sysctlbyname))[argc];
#else
  (void)argc;
  return 0;
#endif
}
Determining if the elf_aux_info exist failed with the following output:
Change Dir: /home/bsarrett/dev/projects/redtangle-cpp/cmake/build/CMakeFiles/CMakeTmp

Run Build Command(s):/usr/bin/gmake cmTC_fdb9f/fast && /usr/bin/gmake  -f CMakeFiles/cmTC_fdb9f.dir/build.make CMakeFiles/cmTC_fdb9f.dir/build
gmake[1]: Entering directory '/home/bsarrett/dev/projects/redtangle-cpp/cmake/build/CMakeFiles/CMakeTmp'
Building C object CMakeFiles/cmTC_fdb9f.dir/CheckSymbolExists.c.o
/usr/bin/cc   -idirafter "/home/bsarrett/dev/projects/redtangle-cpp/libs/SDL/src/video/khronos"  -D_GNU_SOURCE=1 -o CMakeFiles/cmTC_fdb9f.dir/CheckSymbolExists.c.o -c /home/bsarrett/dev/projects/redtangle-cpp/cmake/build/CMakeFiles/CMakeTmp/CheckSymbolExists.c
/home/bsarrett/dev/projects/redtangle-cpp/cmake/build/CMakeFiles/CMakeTmp/CheckSymbolExists.c: In function ‘main’:
/home/bsarrett/dev/projects/redtangle-cpp/cmake/build/CMakeFiles/CMakeTmp/CheckSymbolExists.c:8:19: error: ‘elf_aux_info’ undeclared (first use in this function)
    8 |   return ((int*)(&elf_aux_info))[argc];
      |                   ^~~~~~~~~~~~
/home/bsarrett/dev/projects/redtangle-cpp/cmake/build/CMakeFiles/CMakeTmp/CheckSymbolExists.c:8:19: note: each undeclared identifier is reported only once for each function it appears in
gmake[1]: *** [CMakeFiles/cmTC_fdb9f.dir/build.make:85: CMakeFiles/cmTC_fdb9f.dir/CheckSymbolExists.c.o] Error 1
gmake[1]: Leaving directory '/home/bsarrett/dev/projects/redtangle-cpp/cmake/build/CMakeFiles/CMakeTmp'
gmake: *** [Makefile:140: cmTC_fdb9f/fast] Error 2


File /home/bsarrett/dev/projects/redtangle-cpp/cmake/build/CMakeFiles/CMakeTmp/CheckSymbolExists.c:
/* */
#include <sys/auxv.h>

int main(int argc, char** argv)
{
  (void)argv;
#ifndef elf_aux_info
  return ((int*)(&elf_aux_info))[argc];
#else
  (void)argc;
  return 0;
#endif
}
Determining if the function iconv_open exists in the iconv failed with the following output:
Change Dir: /home/bsarrett/dev/projects/redtangle-cpp/cmake/build/CMakeFiles/CMakeTmp

Run Build Command(s):/usr/bin/gmake cmTC_9ca4b/fast && /usr/bin/gmake  -f CMakeFiles/cmTC_9ca4b.dir/build.make CMakeFiles/cmTC_9ca4b.dir/build
gmake[1]: Entering directory '/home/bsarrett/dev/projects/redtangle-cpp/cmake/build/CMakeFiles/CMakeTmp'
Building C object CMakeFiles/cmTC_9ca4b.dir/CheckFunctionExists.c.o
/usr/bin/cc   -idirafter "/home/bsarrett/dev/projects/redtangle-cpp/libs/SDL/src/video/khronos" -DCHECK_FUNCTION_EXISTS=iconv_open  -D_GNU_SOURCE=1 -o CMakeFiles/cmTC_9ca4b.dir/CheckFunctionExists.c.o -c /home/bsarrett/.local/share/cmake-3.19/Modules/CheckFunctionExists.c
Linking C executable cmTC_9ca4b
/home/bsarrett/.local/bin/cmake -E cmake_link_script CMakeFiles/cmTC_9ca4b.dir/link.txt --verbose=1
/usr/bin/cc  -idirafter "/home/bsarrett/dev/projects/redtangle-cpp/libs/SDL/src/video/khronos" -DCHECK_FUNCTION_EXISTS=iconv_open  -D_GNU_SOURCE=1 CMakeFiles/cmTC_9ca4b.dir/CheckFunctionExists.c.o -o cmTC_9ca4b  -liconv 
/usr/bin/ld: cannot find -liconv: No such file or directory
collect2: error: ld returned 1 exit status
gmake[1]: *** [CMakeFiles/cmTC_9ca4b.dir/build.make:106: cmTC_9ca4b] Error 1
gmake[1]: Leaving directory '/home/bsarrett/dev/projects/redtangle-cpp/cmake/build/CMakeFiles/CMakeTmp'
gmake: *** [Makefile:140: cmTC_9ca4b/fast] Error 2



Determining if the alloca exist failed with the following output:
Change Dir: /home/bsarrett/dev/projects/redtangle-cpp/cmake/build/CMakeFiles/CMakeTmp

Run Build Command(s):/usr/bin/gmake cmTC_62978/fast && /usr/bin/gmake  -f CMakeFiles/cmTC_62978.dir/build.make CMakeFiles/cmTC_62978.dir/build
gmake[1]: Entering directory '/home/bsarrett/dev/projects/redtangle-cpp/cmake/build/CMakeFiles/CMakeTmp'
Building C object CMakeFiles/cmTC_62978.dir/CheckSymbolExists.c.o
/usr/bin/cc   -idirafter "/home/bsarrett/dev/projects/redtangle-cpp/libs/SDL/src/video/khronos"  -D_GNU_SOURCE=1 -o CMakeFiles/cmTC_62978.dir/CheckSymbolExists.c.o -c /home/bsarrett/dev/projects/redtangle-cpp/cmake/build/CMakeFiles/CMakeTmp/CheckSymbolExists.c
/home/bsarrett/dev/projects/redtangle-cpp/cmake/build/CMakeFiles/CMakeTmp/CheckSymbolExists.c: In function ‘main’:
/home/bsarrett/dev/projects/redtangle-cpp/cmake/build/CMakeFiles/CMakeTmp/CheckSymbolExists.c:8:19: error: ‘alloca’ undeclared (first use in this function); did you mean ‘valloc’?
    8 |   return ((int*)(&alloca))[argc];
      |                   ^~~~~~
      |                   valloc
/home/bsarrett/dev/projects/redtangle-cpp/cmake/build/CMakeFiles/CMakeTmp/CheckSymbolExists.c:8:19: note: each undeclared identifier is reported only once for each function it appears in
gmake[1]: *** [CMakeFiles/cmTC_62978.dir/build.make:85: CMakeFiles/cmTC_62978.dir/CheckSymbolExists.c.o] Error 1
gmake[1]: Leaving directory '/home/bsarrett/dev/projects/redtangle-cpp/cmake/build/CMakeFiles/CMakeTmp'
gmake: *** [Makefile:140: cmTC_62978/fast] Error 2


File /home/bsarrett/dev/projects/redtangle-cpp/cmake/build/CMakeFiles/CMakeTmp/CheckSymbolExists.c:
/* */
#include <malloc.h>

int main(int argc, char** argv)
{
  (void)argv;
#ifndef alloca
  return ((int*)(&alloca))[argc];
#else
  (void)argc;
  return 0;
#endif
}
Determining if the include file audio/audiolib.h exists failed with the following output:
Change Dir: /home/bsarrett/dev/projects/redtangle-cpp/cmake/build/CMakeFiles/CMakeTmp

Run Build Command(s):/usr/bin/gmake cmTC_27d39/fast && /usr/bin/gmake  -f CMakeFiles/cmTC_27d39.dir/build.make CMakeFiles/cmTC_27d39.dir/build
gmake[1]: Entering directory '/home/bsarrett/dev/projects/redtangle-cpp/cmake/build/CMakeFiles/CMakeTmp'
Building C object CMakeFiles/cmTC_27d39.dir/CheckIncludeFile.c.o
/usr/bin/cc   -idirafter "/home/bsarrett/dev/projects/redtangle-cpp/libs/SDL/src/video/khronos"  -D_GNU_SOURCE=1 -o CMakeFiles/cmTC_27d39.dir/CheckIncludeFile.c.o -c /home/bsarrett/dev/projects/redtangle-cpp/cmake/build/CMakeFiles/CMakeTmp/CheckIncludeFile.c
/home/bsarrett/dev/projects/redtangle-cpp/cmake/build/CMakeFiles/CMakeTmp/CheckIncludeFile.c:1:10: fatal error: audio/audiolib.h: No such file or directory
    1 | #include <audio/audiolib.h>
      |          ^~~~~~~~~~~~~~~~~~
compilation terminated.
gmake[1]: *** [CMakeFiles/cmTC_27d39.dir/build.make:85: CMakeFiles/cmTC_27d39.dir/CheckIncludeFile.c.o] Error 1
gmake[1]: Leaving directory '/home/bsarrett/dev/projects/redtangle-cpp/cmake/build/CMakeFiles/CMakeTmp'
gmake: *** [Makefile:140: cmTC_27d39/fast] Error 2



Performing C SOURCE FILE Test HAVE_RPI failed with the following output:
Change Dir: /home/bsarrett/dev/projects/redtangle-cpp/cmake/build/CMakeFiles/CMakeTmp

Run Build Command(s):/usr/bin/gmake cmTC_2e081/fast && /usr/bin/gmake  -f CMakeFiles/cmTC_2e081.dir/build.make CMakeFiles/cmTC_2e081.dir/build
gmake[1]: Entering directory '/home/bsarrett/dev/projects/redtangle-cpp/cmake/build/CMakeFiles/CMakeTmp'
Building C object CMakeFiles/cmTC_2e081.dir/src.c.o
/usr/bin/cc -DHAVE_RPI  -idirafter "/home/bsarrett/dev/projects/redtangle-cpp/libs/SDL/src/video/khronos"  -D_GNU_SOURCE=1  -I/opt/vc/include -I/opt/vc/include/interface/vcos/pthreads -I/opt/vc/include/interface/vmcs_host/linux/  -L/opt/vc/lib -o CMakeFiles/cmTC_2e081.dir/src.c.o -c /home/bsarrett/dev/projects/redtangle-cpp/cmake/build/CMakeFiles/CMakeTmp/src.c
/home/bsarrett/dev/projects/redtangle-cpp/cmake/build/CMakeFiles/CMakeTmp/src.c:2:18: fatal error: bcm_host.h: No such file or directory
    2 |         #include <bcm_host.h>
      |                  ^~~~~~~~~~~~
compilation terminated.
gmake[1]: *** [CMakeFiles/cmTC_2e081.dir/build.make:85: CMakeFiles/cmTC_2e081.dir/src.c.o] Error 1
gmake[1]: Leaving directory '/home/bsarrett/dev/projects/redtangle-cpp/cmake/build/CMakeFiles/CMakeTmp'
gmake: *** [Makefile:140: cmTC_2e081/fast] Error 2


Source file was:

        #include <bcm_host.h>
        #include <EGL/eglplatform.h>
        int main(int argc, char **argv) {
          EGL_DISPMANX_WINDOW_T window;
          bcm_host_init();
        }
Determining if the libdecor_frame_get_max_content_size exist failed with the following output:
Change Dir: /home/bsarrett/dev/projects/redtangle-cpp/cmake/build/CMakeFiles/CMakeTmp

Run Build Command(s):/usr/bin/gmake cmTC_d492b/fast && /usr/bin/gmake  -f CMakeFiles/cmTC_d492b.dir/build.make CMakeFiles/cmTC_d492b.dir/build
gmake[1]: Entering directory '/home/bsarrett/dev/projects/redtangle-cpp/cmake/build/CMakeFiles/CMakeTmp'
Building C object CMakeFiles/cmTC_d492b.dir/CheckSymbolExists.c.o
/usr/bin/cc  -I/usr/include/libdecor-0 -idirafter "/home/bsarrett/dev/projects/redtangle-cpp/libs/SDL/src/video/khronos"  -D_GNU_SOURCE=1 -o CMakeFiles/cmTC_d492b.dir/CheckSymbolExists.c.o -c /home/bsarrett/dev/projects/redtangle-cpp/cmake/build/CMakeFiles/CMakeTmp/CheckSymbolExists.c
/home/bsarrett/dev/projects/redtangle-cpp/cmake/build/CMakeFiles/CMakeTmp/CheckSymbolExists.c: In function ‘main’:
/home/bsarrett/dev/projects/redtangle-cpp/cmake/build/CMakeFiles/CMakeTmp/CheckSymbolExists.c:8:19: error: ‘libdecor_frame_get_max_content_size’ undeclared (first use in this function); did you mean ‘libdecor_frame_set_max_content_size’?
    8 |   return ((int*)(&libdecor_frame_get_max_content_size))[argc];
      |                   ^~~~~~~~~~~~~~~~~~~~~~~~~~~~~~~~~~~
      |                   libdecor_frame_set_max_content_size
/home/bsarrett/dev/projects/redtangle-cpp/cmake/build/CMakeFiles/CMakeTmp/CheckSymbolExists.c:8:19: note: each undeclared identifier is reported only once for each function it appears in
gmake[1]: *** [CMakeFiles/cmTC_d492b.dir/build.make:85: CMakeFiles/cmTC_d492b.dir/CheckSymbolExists.c.o] Error 1
gmake[1]: Leaving directory '/home/bsarrett/dev/projects/redtangle-cpp/cmake/build/CMakeFiles/CMakeTmp'
gmake: *** [Makefile:140: cmTC_d492b/fast] Error 2


File /home/bsarrett/dev/projects/redtangle-cpp/cmake/build/CMakeFiles/CMakeTmp/CheckSymbolExists.c:
/* */
#include <libdecor.h>

int main(int argc, char** argv)
{
  (void)argv;
#ifndef libdecor_frame_get_max_content_size
  return ((int*)(&libdecor_frame_get_max_content_size))[argc];
#else
  (void)argc;
  return 0;
#endif
}
Determining if the libdecor_frame_get_min_content_size exist failed with the following output:
Change Dir: /home/bsarrett/dev/projects/redtangle-cpp/cmake/build/CMakeFiles/CMakeTmp

Run Build Command(s):/usr/bin/gmake cmTC_aad21/fast && /usr/bin/gmake  -f CMakeFiles/cmTC_aad21.dir/build.make CMakeFiles/cmTC_aad21.dir/build
gmake[1]: Entering directory '/home/bsarrett/dev/projects/redtangle-cpp/cmake/build/CMakeFiles/CMakeTmp'
Building C object CMakeFiles/cmTC_aad21.dir/CheckSymbolExists.c.o
/usr/bin/cc  -I/usr/include/libdecor-0 -idirafter "/home/bsarrett/dev/projects/redtangle-cpp/libs/SDL/src/video/khronos"  -D_GNU_SOURCE=1 -o CMakeFiles/cmTC_aad21.dir/CheckSymbolExists.c.o -c /home/bsarrett/dev/projects/redtangle-cpp/cmake/build/CMakeFiles/CMakeTmp/CheckSymbolExists.c
/home/bsarrett/dev/projects/redtangle-cpp/cmake/build/CMakeFiles/CMakeTmp/CheckSymbolExists.c: In function ‘main’:
/home/bsarrett/dev/projects/redtangle-cpp/cmake/build/CMakeFiles/CMakeTmp/CheckSymbolExists.c:8:19: error: ‘libdecor_frame_get_min_content_size’ undeclared (first use in this function); did you mean ‘libdecor_frame_set_min_content_size’?
    8 |   return ((int*)(&libdecor_frame_get_min_content_size))[argc];
      |                   ^~~~~~~~~~~~~~~~~~~~~~~~~~~~~~~~~~~
      |                   libdecor_frame_set_min_content_size
/home/bsarrett/dev/projects/redtangle-cpp/cmake/build/CMakeFiles/CMakeTmp/CheckSymbolExists.c:8:19: note: each undeclared identifier is reported only once for each function it appears in
gmake[1]: *** [CMakeFiles/cmTC_aad21.dir/build.make:85: CMakeFiles/cmTC_aad21.dir/CheckSymbolExists.c.o] Error 1
gmake[1]: Leaving directory '/home/bsarrett/dev/projects/redtangle-cpp/cmake/build/CMakeFiles/CMakeTmp'
gmake: *** [Makefile:140: cmTC_aad21/fast] Error 2


File /home/bsarrett/dev/projects/redtangle-cpp/cmake/build/CMakeFiles/CMakeTmp/CheckSymbolExists.c:
/* */
#include <libdecor.h>

int main(int argc, char** argv)
{
  (void)argv;
#ifndef libdecor_frame_get_min_content_size
  return ((int*)(&libdecor_frame_get_min_content_size))[argc];
#else
  (void)argc;
  return 0;
#endif
}
Performing C SOURCE FILE Test HAVE_VIVANTE_VDK failed with the following output:
Change Dir: /home/bsarrett/dev/projects/redtangle-cpp/cmake/build/CMakeFiles/CMakeTmp

Run Build Command(s):/usr/bin/gmake cmTC_20334/fast && /usr/bin/gmake  -f CMakeFiles/cmTC_20334.dir/build.make CMakeFiles/cmTC_20334.dir/build
gmake[1]: Entering directory '/home/bsarrett/dev/projects/redtangle-cpp/cmake/build/CMakeFiles/CMakeTmp'
Building C object CMakeFiles/cmTC_20334.dir/src.c.o
/usr/bin/cc -DHAVE_VIVANTE_VDK  -idirafter "/home/bsarrett/dev/projects/redtangle-cpp/libs/SDL/src/video/khronos"  -D_GNU_SOURCE=1 -o CMakeFiles/cmTC_20334.dir/src.c.o -c /home/bsarrett/dev/projects/redtangle-cpp/cmake/build/CMakeFiles/CMakeTmp/src.c
/home/bsarrett/dev/projects/redtangle-cpp/cmake/build/CMakeFiles/CMakeTmp/src.c:2:18: fatal error: gc_vdk.h: No such file or directory
    2 |         #include <gc_vdk.h>
      |                  ^~~~~~~~~~
compilation terminated.
gmake[1]: *** [CMakeFiles/cmTC_20334.dir/build.make:85: CMakeFiles/cmTC_20334.dir/src.c.o] Error 1
gmake[1]: Leaving directory '/home/bsarrett/dev/projects/redtangle-cpp/cmake/build/CMakeFiles/CMakeTmp'
gmake: *** [Makefile:140: cmTC_20334/fast] Error 2


Source file was:

        #include <gc_vdk.h>
        int main(int argc, char** argv) { return 0; }
Performing C SOURCE FILE Test HAVE_VIVANTE_EGL_FB failed with the following output:
Change Dir: /home/bsarrett/dev/projects/redtangle-cpp/cmake/build/CMakeFiles/CMakeTmp

Run Build Command(s):/usr/bin/gmake cmTC_70873/fast && /usr/bin/gmake  -f CMakeFiles/cmTC_70873.dir/build.make CMakeFiles/cmTC_70873.dir/build
gmake[1]: Entering directory '/home/bsarrett/dev/projects/redtangle-cpp/cmake/build/CMakeFiles/CMakeTmp'
Building C object CMakeFiles/cmTC_70873.dir/src.c.o
/usr/bin/cc -DHAVE_VIVANTE_EGL_FB  -idirafter "/home/bsarrett/dev/projects/redtangle-cpp/libs/SDL/src/video/khronos"  -D_GNU_SOURCE=1 -o CMakeFiles/cmTC_70873.dir/src.c.o -c /home/bsarrett/dev/projects/redtangle-cpp/cmake/build/CMakeFiles/CMakeTmp/src.c
/home/bsarrett/dev/projects/redtangle-cpp/cmake/build/CMakeFiles/CMakeTmp/src.c:4:18: fatal error: EGL/eglvivante.h: No such file or directory
    4 |         #include <EGL/eglvivante.h>
      |                  ^~~~~~~~~~~~~~~~~~
compilation terminated.
gmake[1]: *** [CMakeFiles/cmTC_70873.dir/build.make:85: CMakeFiles/cmTC_70873.dir/src.c.o] Error 1
gmake[1]: Leaving directory '/home/bsarrett/dev/projects/redtangle-cpp/cmake/build/CMakeFiles/CMakeTmp'
gmake: *** [Makefile:140: cmTC_70873/fast] Error 2


Source file was:

        #define LINUX
        #define EGL_API_FB
        #include <EGL/eglvivante.h>
        int main(int argc, char** argv) { return 0; }
Performing C SOURCE FILE Test LIBC_HAS_WORKING_LIBUNWIND failed with the following output:
Change Dir: /home/bsarrett/dev/projects/redtangle-cpp/cmake/build/CMakeFiles/CMakeTmp

Run Build Command(s):/usr/bin/gmake cmTC_68a67/fast && /usr/bin/gmake  -f CMakeFiles/cmTC_68a67.dir/build.make CMakeFiles/cmTC_68a67.dir/build
gmake[1]: Entering directory '/home/bsarrett/dev/projects/redtangle-cpp/cmake/build/CMakeFiles/CMakeTmp'
Building C object CMakeFiles/cmTC_68a67.dir/src.c.o
/usr/bin/cc -DLIBC_HAS_WORKING_LIBUNWIND  -idirafter "/home/bsarrett/dev/projects/redtangle-cpp/libs/SDL/src/video/khronos"  -D_GNU_SOURCE=1 -o CMakeFiles/cmTC_68a67.dir/src.c.o -c /home/bsarrett/dev/projects/redtangle-cpp/cmake/build/CMakeFiles/CMakeTmp/src.c
/home/bsarrett/dev/projects/redtangle-cpp/cmake/build/CMakeFiles/CMakeTmp/src.c:1:10: fatal error: libunwind.h: No such file or directory
    1 | #include <libunwind.h>
      |          ^~~~~~~~~~~~~
compilation terminated.
gmake[1]: *** [CMakeFiles/cmTC_68a67.dir/build.make:85: CMakeFiles/cmTC_68a67.dir/src.c.o] Error 1
gmake[1]: Leaving directory '/home/bsarrett/dev/projects/redtangle-cpp/cmake/build/CMakeFiles/CMakeTmp'
gmake: *** [Makefile:140: cmTC_68a67/fast] Error 2


Source file was:
#include <libunwind.h>
int main() {unw_context_t context; unw_getcontext(&context); return 0;}
Performing C SOURCE FILE Test LIBUNWIND_HAS_WORKINGLIBUNWIND failed with the following output:
Change Dir: /home/bsarrett/dev/projects/redtangle-cpp/cmake/build/CMakeFiles/CMakeTmp

Run Build Command(s):/usr/bin/gmake cmTC_5642c/fast && /usr/bin/gmake  -f CMakeFiles/cmTC_5642c.dir/build.make CMakeFiles/cmTC_5642c.dir/build
gmake[1]: Entering directory '/home/bsarrett/dev/projects/redtangle-cpp/cmake/build/CMakeFiles/CMakeTmp'
Building C object CMakeFiles/cmTC_5642c.dir/src.c.o
/usr/bin/cc -DLIBUNWIND_HAS_WORKINGLIBUNWIND  -idirafter "/home/bsarrett/dev/projects/redtangle-cpp/libs/SDL/src/video/khronos"  -D_GNU_SOURCE=1 -o CMakeFiles/cmTC_5642c.dir/src.c.o -c /home/bsarrett/dev/projects/redtangle-cpp/cmake/build/CMakeFiles/CMakeTmp/src.c
/home/bsarrett/dev/projects/redtangle-cpp/cmake/build/CMakeFiles/CMakeTmp/src.c:1:10: fatal error: libunwind.h: No such file or directory
    1 | #include <libunwind.h>
      |          ^~~~~~~~~~~~~
compilation terminated.
gmake[1]: *** [CMakeFiles/cmTC_5642c.dir/build.make:85: CMakeFiles/cmTC_5642c.dir/src.c.o] Error 1
gmake[1]: Leaving directory '/home/bsarrett/dev/projects/redtangle-cpp/cmake/build/CMakeFiles/CMakeTmp'
gmake: *** [Makefile:140: cmTC_5642c/fast] Error 2


Source file was:
#include <libunwind.h>
int main() {unw_context_t context; unw_getcontext(&context); return 0;}
Determining if files pthread_np.h exist failed with the following output:
Change Dir: /home/bsarrett/dev/projects/redtangle-cpp/cmake/build/CMakeFiles/CMakeTmp

Run Build Command(s):/usr/bin/gmake cmTC_fa4f1/fast && /usr/bin/gmake  -f CMakeFiles/cmTC_fa4f1.dir/build.make CMakeFiles/cmTC_fa4f1.dir/build
gmake[1]: Entering directory '/home/bsarrett/dev/projects/redtangle-cpp/cmake/build/CMakeFiles/CMakeTmp'
Building C object CMakeFiles/cmTC_fa4f1.dir/HAVE_PTHREAD_NP_H.c.o
/usr/bin/cc   -idirafter "/home/bsarrett/dev/projects/redtangle-cpp/libs/SDL/src/video/khronos"  -D_GNU_SOURCE=1 -D_REENTRANT -pthread -o CMakeFiles/cmTC_fa4f1.dir/HAVE_PTHREAD_NP_H.c.o -c /home/bsarrett/dev/projects/redtangle-cpp/cmake/build/CMakeFiles/CheckIncludeFiles/HAVE_PTHREAD_NP_H.c
/home/bsarrett/dev/projects/redtangle-cpp/cmake/build/CMakeFiles/CheckIncludeFiles/HAVE_PTHREAD_NP_H.c:2:10: fatal error: pthread_np.h: No such file or directory
    2 | #include <pthread_np.h>
      |          ^~~~~~~~~~~~~~
compilation terminated.
gmake[1]: *** [CMakeFiles/cmTC_fa4f1.dir/build.make:85: CMakeFiles/cmTC_fa4f1.dir/HAVE_PTHREAD_NP_H.c.o] Error 1
gmake[1]: Leaving directory '/home/bsarrett/dev/projects/redtangle-cpp/cmake/build/CMakeFiles/CMakeTmp'
gmake: *** [Makefile:140: cmTC_fa4f1/fast] Error 2


Source:
/* */
#include <pthread_np.h>


int main(void){return 0;}

Determining if the include file samplerate.h exists failed with the following output:
Change Dir: /home/bsarrett/dev/projects/redtangle-cpp/cmake/build/CMakeFiles/CMakeTmp

Run Build Command(s):/usr/bin/gmake cmTC_1adb9/fast && /usr/bin/gmake  -f CMakeFiles/cmTC_1adb9.dir/build.make CMakeFiles/cmTC_1adb9.dir/build
gmake[1]: Entering directory '/home/bsarrett/dev/projects/redtangle-cpp/cmake/build/CMakeFiles/CMakeTmp'
Building C object CMakeFiles/cmTC_1adb9.dir/CheckIncludeFile.c.o
/usr/bin/cc   -idirafter "/home/bsarrett/dev/projects/redtangle-cpp/libs/SDL/src/video/khronos" -DHAVE_LINUX_VERSION_H  -D_GNU_SOURCE=1 -o CMakeFiles/cmTC_1adb9.dir/CheckIncludeFile.c.o -c /home/bsarrett/dev/projects/redtangle-cpp/cmake/build/CMakeFiles/CMakeTmp/CheckIncludeFile.c
/home/bsarrett/dev/projects/redtangle-cpp/cmake/build/CMakeFiles/CMakeTmp/CheckIncludeFile.c:1:10: fatal error: samplerate.h: No such file or directory
    1 | #include <samplerate.h>
      |          ^~~~~~~~~~~~~~
compilation terminated.
gmake[1]: *** [CMakeFiles/cmTC_1adb9.dir/build.make:85: CMakeFiles/cmTC_1adb9.dir/CheckIncludeFile.c.o] Error 1
gmake[1]: Leaving directory '/home/bsarrett/dev/projects/redtangle-cpp/cmake/build/CMakeFiles/CMakeTmp'
gmake: *** [Makefile:140: cmTC_1adb9/fast] Error 2



